  Animator.cpp
  AssetManager.cpp
  GameManager.cpp
  GameScreen.cpp
  Ghost.cpp
  Graphics.cpp
E:\C++\SDL\StructuringInput\StructuringInput\Texture.h(3,10): error C1083: Cannot open include file: 'SDL.h': No such file or directory
  (compiling source file 'Animator.cpp')
  
E:\C++\SDL\StructuringInput\StructuringInput\AssetManager.h(3,10): error C1083: Cannot open include file: 'SDL.h': No such file or directory
  (compiling source file 'AssetManager.cpp')
  
E:\C++\SDL\StructuringInput\StructuringInput\GameManager.h(3,10): error C1083: Cannot open include file: 'SDL.h': No such file or directory
  (compiling source file 'GameManager.cpp')
  
E:\C++\SDL\StructuringInput\StructuringInput\Texture.h(3,10): error C1083: Cannot open include file: 'SDL.h': No such file or directory
  (compiling source file 'GameScreen.cpp')
  
E:\C++\SDL\StructuringInput\StructuringInput\Texture.h(3,10): error C1083: Cannot open include file: 'SDL.h': No such file or directory
  (compiling source file 'Ghost.cpp')
  
E:\C++\SDL\StructuringInput\StructuringInput\Graphics.h(3,10): error C1083: Cannot open include file: 'SDL.h': No such file or directory
  (compiling source file 'Graphics.cpp')
  
  Grid.cpp
E:\C++\SDL\StructuringInput\StructuringInput\Graphics.h(3,10): error C1083: Cannot open include file: 'SDL.h': No such file or directory
  (compiling source file 'Grid.cpp')
  
  InputManager.cpp
E:\C++\SDL\StructuringInput\StructuringInput\InputManager.h(3,10): error C1083: Cannot open include file: 'SDL.h': No such file or directory
  (compiling source file 'InputManager.cpp')
  
  main.cpp
E:\C++\SDL\StructuringInput\StructuringInput\main.cpp(5,10): error C1083: Cannot open include file: 'SDL.h': No such file or directory
  GameMap.cpp
E:\C++\SDL\StructuringInput\StructuringInput\Texture.h(3,10): error C1083: Cannot open include file: 'SDL.h': No such file or directory
  (compiling source file 'GameMap.cpp')
  
  PacManPlayer.cpp
E:\C++\SDL\StructuringInput\StructuringInput\Texture.h(3,10): error C1083: Cannot open include file: 'SDL.h': No such file or directory
  (compiling source file 'PacManPlayer.cpp')
  
  ScreenManager.cpp
E:\C++\SDL\StructuringInput\StructuringInput\Texture.h(3,10): error C1083: Cannot open include file: 'SDL.h': No such file or directory
  (compiling source file 'ScreenManager.cpp')
  
  Texture.cpp
E:\C++\SDL\StructuringInput\StructuringInput\Texture.h(3,10): error C1083: Cannot open include file: 'SDL.h': No such file or directory
  (compiling source file 'Texture.cpp')
  
  Timer.cpp
E:\C++\SDL\StructuringInput\StructuringInput\Timer.h(4,10): error C1083: Cannot open include file: 'SDL.h': No such file or directory
  (compiling source file 'Timer.cpp')
  
  UI.cpp
E:\C++\SDL\StructuringInput\StructuringInput\Texture.h(3,10): error C1083: Cannot open include file: 'SDL.h': No such file or directory
  (compiling source file 'UI.cpp')
  
